2025-02-27 07:22:39,968 admin got authed state
2025-02-27 07:24:04,640 admin got authed state
2025-02-27 09:17:29,125 arghoke got authed state
2025-02-27 10:27:19,123 testos got authed state
2025-02-27 14:03:15,778 arghoke got authed state
2025-02-27 15:52:02,134 arghoke got authed state
2025-02-27 15:53:23,540 arghoke got authed state
2025-02-27 18:15:55,747 arghoke got authed state
2025-02-27 18:19:19,966 arghoke got authed state
2025-02-27 20:16:30,511 arghoke got invalid password attemp state
2025-02-27 20:16:44,855 arghoke got invalid password attemp state
2025-02-27 20:16:49,949 arghoke got invalid password attemp state
2025-02-27 20:16:54,121 arghoke got authed state
2025-02-27 21:07:06,487 arghokee got authed state
2025-02-28 01:22:47,625 wendell got authed state
2025-02-28 09:58:48,168 arghoke got authed state
2025-02-28 10:01:45,137 tawwibg got authed state
2025-02-28 10:05:12,931 arghokee got authed state
2025-02-28 10:16:26,943 arghokee got authed state
2025-02-28 10:17:21,755 arghokee got authed state
2025-02-28 10:37:56,936 maxkirby got authed state
2025-02-28 14:29:08,052 arghoke got authed state
2025-02-28 16:13:32,256 arghoke got authed state
2025-02-28 17:39:14,528 radenmas got authed state
2025-02-28 18:16:31,152 arghoke got authed state
2025-02-28 18:33:42,588 arghoke got authed state
2025-02-28 18:36:06,291 arghoke got unknown (ALREADY_LOGGED_IN) attemp state
2025-02-28 18:36:10,244 arghoke got authed state
2025-02-28 19:11:56,880 arghoke got authed state
2025-03-01 03:44:38,770 radenmas got authed state
2025-03-01 11:18:47,608 maxkirby got authed state
2025-03-01 11:21:27,537 radenmas got authed state
2025-03-01 11:26:38,186 arghoke got authed state
2025-03-01 11:26:45,499 radenmas got authed state
2025-03-01 12:51:06,799 arghokee got authed state
2025-03-01 12:53:18,330 tawwibg got authed state
2025-03-01 13:23:21,620 maxkirby got authed state
2025-03-01 13:33:32,560 maxkirby got invalid password attemp state
2025-03-01 13:33:35,826 maxkirby got authed state
2025-03-01 13:52:16,808 arghoke got authed state
2025-03-01 14:03:09,117 maxkirby got authed state
2025-03-01 14:13:10,054 radenmas got authed state
2025-03-01 14:25:47,819 radenmas got authed state
2025-03-01 14:39:13,743 kevhd33 got authed state
2025-03-01 15:03:32,671 alex34660 got authed state
2025-03-01 17:05:16,024 arghoke got authed state
2025-03-01 18:09:19,681 arghoke got authed state
2025-03-01 18:39:26,828 kevhd33 got authed state
2025-03-01 18:49:15,150 alex34660 got authed state
2025-03-01 19:29:36,666 zhenya got authed state
2025-03-01 20:07:05,543 fabianzolika got authed state
2025-03-01 21:09:12,487 admin got authed state
2025-03-01 21:37:40,680 admin got authed state
2025-03-01 22:41:23,415 admin got authed state
2025-03-01 22:43:02,416 kevhd33 got authed state
2025-03-02 01:28:50,421 mau56 got authed state
2025-03-02 03:51:51,935 aion02032025 got authed state
2025-03-02 04:45:52,529 yuuriegott got authed state
2025-03-02 09:42:55,541 maxkirby got authed state
2025-03-02 09:43:40,306 arghoke got authed state
2025-03-02 09:47:00,275 alex34660 got authed state
